[debug] [2025-03-23T17:59:47.057Z] ----------------------------------------------------------------------
[debug] [2025-03-23T17:59:47.058Z] Command:       /Users/jasonostrander/.nvm/versions/node/v20.18.2/bin/node /Users/jasonostrander/.nvm/versions/node/v20.18.2/bin/firebase init hosting
[debug] [2025-03-23T17:59:47.058Z] CLI Version:   13.33.0
[debug] [2025-03-23T17:59:47.058Z] Platform:      darwin
[debug] [2025-03-23T17:59:47.058Z] Node Version:  v20.18.2
[debug] [2025-03-23T17:59:47.058Z] Time:          Sun Mar 23 2025 11:59:47 GMT-0600 (Mountain Daylight Time)
[debug] [2025-03-23T17:59:47.058Z] ----------------------------------------------------------------------
[debug] 
[debug] [2025-03-23T17:59:47.059Z] >>> [apiv2][query] GET https://firebase-public.firebaseio.com/cli.json [none]
[debug] [2025-03-23T17:59:47.140Z] > command requires scopes: ["email","openid","https://www.googleapis.com/auth/cloudplatformprojects.readonly","https://www.googleapis.com/auth/firebase","https://www.googleapis.com/auth/cloud-platform"]
[debug] [2025-03-23T17:59:47.140Z] > authorizing via signed-in user (jasonpostrander@gmail.com)
[info] 
     ######## #### ########  ######## ########     ###     ######  ########
     ##        ##  ##     ## ##       ##     ##  ##   ##  ##       ##
     ######    ##  ########  ######   ########  #########  ######  ######
     ##        ##  ##    ##  ##       ##     ## ##     ##       ## ##
     ##       #### ##     ## ######## ########  ##     ##  ######  ########

You're about to initialize a Firebase project in this directory:

  /Users/jasonostrander/Apps/casey-equipment-app

Before we get started, keep in mind:

  * You are initializing within an existing Firebase project directory

[info] 
=== Project Setup
[info] 
[info] First, let's associate this project directory with a Firebase project.
[info] You can create multiple project aliases by running firebase use --add, 
[info] but for now we'll just set up a default project.
[info] 
[debug] [2025-03-23T17:59:47.141Z] Using project from CLI flag: casey-equipment-app
[debug] [2025-03-23T17:59:47.141Z] Checked if tokens are valid: false, expires at: 1741727037391
[debug] [2025-03-23T17:59:47.141Z] Checked if tokens are valid: false, expires at: 1741727037391
[debug] [2025-03-23T17:59:47.141Z] > refreshing access token with scopes: []
[debug] [2025-03-23T17:59:47.142Z] >>> [apiv2][query] POST https://www.googleapis.com/oauth2/v3/token [none]
[debug] [2025-03-23T17:59:47.142Z] >>> [apiv2][body] POST https://www.googleapis.com/oauth2/v3/token [omitted]
[debug] [2025-03-23T17:59:47.308Z] <<< [apiv2][status] GET https://firebase-public.firebaseio.com/cli.json 200
[debug] [2025-03-23T17:59:47.308Z] <<< [apiv2][body] GET https://firebase-public.firebaseio.com/cli.json {"cloudBuildErrorAfter":1594252800000,"cloudBuildWarnAfter":1590019200000,"defaultNode10After":1594252800000,"minVersion":"3.0.5","node8DeploysDisabledAfter":1613390400000,"node8RuntimeDisabledAfter":1615809600000,"node8WarnAfter":1600128000000}
[debug] [2025-03-23T17:59:47.395Z] <<< [apiv2][status] POST https://www.googleapis.com/oauth2/v3/token 200
[debug] [2025-03-23T17:59:47.395Z] <<< [apiv2][body] POST https://www.googleapis.com/oauth2/v3/token [omitted]
[debug] [2025-03-23T17:59:47.404Z] >>> [apiv2][query] GET https://firebase.googleapis.com/v1beta1/projects/casey-equipment-app [none]
[debug] [2025-03-23T17:59:47.720Z] <<< [apiv2][status] GET https://firebase.googleapis.com/v1beta1/projects/casey-equipment-app 200
[debug] [2025-03-23T17:59:47.720Z] <<< [apiv2][body] GET https://firebase.googleapis.com/v1beta1/projects/casey-equipment-app {"projectId":"casey-equipment-app","projectNumber":"960706298238","displayName":"Casey-equipment-app","name":"projects/casey-equipment-app","resources":{"hostingSite":"casey-equipment-app"},"state":"ACTIVE","etag":"1_2dee9d20-21d6-4335-8ccf-68d5d0f2c453"}
[info] i  Using project casey-equipment-app (Casey-equipment-app) 
[info] 
=== Hosting Setup
[debug] [2025-03-23T17:59:47.728Z] Checked if tokens are valid: true, expires at: 1742756386395
[debug] [2025-03-23T17:59:47.729Z] Checked if tokens are valid: true, expires at: 1742756386395
[debug] [2025-03-23T17:59:47.729Z] >>> [apiv2][query] GET https://firebase.googleapis.com/v1beta1/projects/casey-equipment-app [none]
[debug] [2025-03-23T17:59:47.924Z] <<< [apiv2][status] GET https://firebase.googleapis.com/v1beta1/projects/casey-equipment-app 200
[debug] [2025-03-23T17:59:47.925Z] <<< [apiv2][body] GET https://firebase.googleapis.com/v1beta1/projects/casey-equipment-app {"projectId":"casey-equipment-app","projectNumber":"960706298238","displayName":"Casey-equipment-app","name":"projects/casey-equipment-app","resources":{"hostingSite":"casey-equipment-app"},"state":"ACTIVE","etag":"1_2dee9d20-21d6-4335-8ccf-68d5d0f2c453"}
[info] 
[info] Your public directory is the folder (relative to your project directory) that
[info] will contain Hosting assets to be uploaded with firebase deploy. If you
[info] have a build process for your assets, use your build's output directory.
[info] 
